<?xml version="1.0" encoding="UTF-8"?>
<testng-results skipped="0" failed="0" total="0" passed="0">
  <reporter-output>
  </reporter-output>
  <suite name="com.test.springmvc.controller.AppControllerTest" duration-ms="0" started-at="2017-08-18T22:00:37Z" finished-at="2017-08-18T22:00:37Z">
    <groups>
    </groups>
    <test name="Command line test" duration-ms="0" started-at="2017-08-18T22:00:37Z" finished-at="2017-08-18T22:00:37Z">
    </test> <!-- Command line test -->
  </suite> <!-- com.test.springmvc.controller.AppControllerTest -->
</testng-results>
